Characterization: {
    "microscopy": {
        "transmission_electron_microscopy": {},
        "scanning_electron_microscopy": {
            "Equipment": "JEOL field emission scanning electron microscope (FESEM)"
        },
        "atomic_force_microscopy": {},
        "optical_microscopy": {}
    },
    "spectroscopy": {
        "fourier_transform_infrared_spectroscopy": {},
        "xray_photoelectron_spectroscopy": {},
        "nuclear_magnetic_resonance": {},
        "raman_spectroscopy": {},
        "dielectric_and_impedance_spectroscopy_analysis": {
            "Equipment": "Agilent impedance analyzer with 16451B dielectric test fixture"
        }
    },
    "thermochemical": {
        "differential_scanning_calorimetry": {
            "Equipment": "Mettler Differential Scanning Calorimetry equipment"
        },
        "thermogravimetric_analysis": {},
        "dynamic_mechanical_analysis": {}
    },
    "scattering_and_diffraction": {
        "xray_diffraction_and_scattering": {}
    },
    "others": {
        "pulsed_electro_acoustic": {},
        "rheometry": {},
        "electrometry": {
            "Equipment": "Keithley electrometer with 8009 resistivity measurement kit"
        }
    }
}
